  Ch03_Statement.cpp
C:\Users\ASUS\Downloads\CPPBasic\io.h(1,1): warning C4819: The file contains a character that cannot be represented in the current code page (949). Save the file in Unicode format to prevent data loss
  Ch05-1_Example.cpp
C:\Users\ASUS\Cpp_PL\CPP_Basic\CPP_Basic\CPP_Basic\Ch05-1_Example.cpp(9,16): error C2131: expression did not evaluate to a constant
C:\Users\ASUS\Cpp_PL\CPP_Basic\CPP_Basic\CPP_Basic\Ch05-1_Example.cpp(9,16): message : failure was caused by a read of a variable outside its lifetime
C:\Users\ASUS\Cpp_PL\CPP_Basic\CPP_Basic\CPP_Basic\Ch05-1_Example.cpp(9,16): message : see usage of 'Counter'
C:\Users\ASUS\Cpp_PL\CPP_Basic\CPP_Basic\CPP_Basic\Ch05-1_Example.cpp(13,13): warning C4552: '>>': result of expression not used
C:\Users\ASUS\Cpp_PL\CPP_Basic\CPP_Basic\CPP_Basic\Ch05-1_Example.cpp(45,16): error C2131: expression did not evaluate to a constant
C:\Users\ASUS\Cpp_PL\CPP_Basic\CPP_Basic\CPP_Basic\Ch05-1_Example.cpp(45,16): message : failure was caused by a read of a variable outside its lifetime
C:\Users\ASUS\Cpp_PL\CPP_Basic\CPP_Basic\CPP_Basic\Ch05-1_Example.cpp(45,16): message : see usage of 'Counter'
C:\Users\ASUS\Cpp_PL\CPP_Basic\CPP_Basic\CPP_Basic\Ch05-1_Example.cpp(49,13): warning C4552: '>>': result of expression not used
C:\Users\ASUS\Cpp_PL\CPP_Basic\CPP_Basic\CPP_Basic\Ch05-1_Example.cpp(56,31): warning C4552: '<<': result of expression not used
C:\Users\ASUS\Cpp_PL\CPP_Basic\CPP_Basic\CPP_Basic\Ch05-1_Example.cpp(72,21): error C2131: expression did not evaluate to a constant
C:\Users\ASUS\Cpp_PL\CPP_Basic\CPP_Basic\CPP_Basic\Ch05-1_Example.cpp(72,21): message : failure was caused by a read of a variable outside its lifetime
C:\Users\ASUS\Cpp_PL\CPP_Basic\CPP_Basic\CPP_Basic\Ch05-1_Example.cpp(72,21): message : see usage of 'Counter'
C:\Users\ASUS\Cpp_PL\CPP_Basic\CPP_Basic\CPP_Basic\Ch05-1_Example.cpp(75,24): error C3863: array type 'int [Counter]' is not assignable
C:\Users\ASUS\Cpp_PL\CPP_Basic\CPP_Basic\CPP_Basic\Ch05-1_Example.cpp(79,29): error C2131: expression did not evaluate to a constant
C:\Users\ASUS\Cpp_PL\CPP_Basic\CPP_Basic\CPP_Basic\Ch05-1_Example.cpp(79,21): message : failure was caused by a read of a variable outside its lifetime
C:\Users\ASUS\Cpp_PL\CPP_Basic\CPP_Basic\CPP_Basic\Ch05-1_Example.cpp(79,21): message : see usage of 'Counter'
C:\Users\ASUS\Cpp_PL\CPP_Basic\CPP_Basic\CPP_Basic\Ch05-1_Example.cpp(83,13): warning C4552: '>>': result of expression not used
C:\Users\ASUS\Cpp_PL\CPP_Basic\CPP_Basic\CPP_Basic\Ch05-1_Example.cpp(87,16): error C2131: expression did not evaluate to a constant
C:\Users\ASUS\Cpp_PL\CPP_Basic\CPP_Basic\CPP_Basic\Ch05-1_Example.cpp(87,16): message : failure was caused by a read of a variable outside its lifetime
C:\Users\ASUS\Cpp_PL\CPP_Basic\CPP_Basic\CPP_Basic\Ch05-1_Example.cpp(87,16): message : see usage of 'Counter'
C:\Users\ASUS\Cpp_PL\CPP_Basic\CPP_Basic\CPP_Basic\Ch05-1_Example.cpp(90,18): error C3863: array type 'bool [Counter]' is not assignable
C:\Users\ASUS\Cpp_PL\CPP_Basic\CPP_Basic\CPP_Basic\Ch05-1_Example.cpp(100,26): error C3863: array type 'bool [Counter]' is not assignable
  Ch06-1_Example.cpp
  Ch07_Structure.cpp
  Generating Code...
